{"D:\\genuin_platform\\src\\config\\db.config.js": {"path":"D:\\genuin_platform\\src\\config\\db.config.js","statementMap":{"0":{"start":{"line":1,"column":22},"end":{"line":1,"column":42}},"1":{"start":{"line":2,"column":15},"end":{"line":2,"column":32}},"2":{"start":{"line":4,"column":0},"end":{"line":4,"column":16}},"3":{"start":{"line":6,"column":18},"end":{"line":16,"column":1}},"4":{"start":{"line":18,"column":0},"end":{"line":18,"column":27}}},"fnMap":{},"branchMap":{},"s":{"0":6,"1":6,"2":6,"3":6,"4":6},"f":{},"b":{},"_coverageSchema":"1a1c01bbd47fc00a2c39e90264f33305004495a9","hash":"6edabededbe1f8e0892f276b8f293f7894be797a"}
,"D:\\genuin_platform\\src\\config\\env.config.js": {"path":"D:\\genuin_platform\\src\\config\\env.config.js","statementMap":{"0":{"start":{"line":1,"column":0},"end":{"line":1,"column":27}},"1":{"start":{"line":3,"column":0},"end":{"line":12,"column":2}}},"fnMap":{},"branchMap":{},"s":{"0":5,"1":5},"f":{},"b":{},"_coverageSchema":"1a1c01bbd47fc00a2c39e90264f33305004495a9","hash":"483f97a911aceb56635d51f1aa4f4d5af357974b"}
,"D:\\genuin_platform\\src\\config\\redis.js": {"path":"D:\\genuin_platform\\src\\config\\redis.js","statementMap":{"0":{"start":{"line":1,"column":14},"end":{"line":1,"column":30}},"1":{"start":{"line":2,"column":15},"end":{"line":2,"column":32}},"2":{"start":{"line":4,"column":0},"end":{"line":4,"column":16}},"3":{"start":{"line":7,"column":20},"end":{"line":12,"column":2}},"4":{"start":{"line":15,"column":0},"end":{"line":17,"column":3}},"5":{"start":{"line":16,"column":2},"end":{"line":16,"column":44}},"6":{"start":{"line":20,"column":0},"end":{"line":27,"column":5}},"7":{"start":{"line":21,"column":2},"end":{"line":26,"column":3}},"8":{"start":{"line":22,"column":4},"end":{"line":22,"column":32}},"9":{"start":{"line":23,"column":4},"end":{"line":23,"column":51}},"10":{"start":{"line":25,"column":4},"end":{"line":25,"column":58}},"11":{"start":{"line":29,"column":0},"end":{"line":29,"column":29}}},"fnMap":{"0":{"name":"(anonymous_0)","decl":{"start":{"line":15,"column":24},"end":{"line":15,"column":25}},"loc":{"start":{"line":15,"column":33},"end":{"line":17,"column":1}},"line":15},"1":{"name":"(anonymous_1)","decl":{"start":{"line":20,"column":1},"end":{"line":20,"column":2}},"loc":{"start":{"line":20,"column":13},"end":{"line":27,"column":1}},"line":20}},"branchMap":{},"s":{"0":7,"1":7,"2":7,"3":7,"4":7,"5":6,"6":7,"7":7,"8":7,"9":6,"10":1,"11":7},"f":{"0":6,"1":7},"b":{},"_coverageSchema":"1a1c01bbd47fc00a2c39e90264f33305004495a9","hash":"ed9766ca094e80f96ae1836b5ff91d74a64de0c0"}
,"D:\\genuin_platform\\src\\controllers\\authController.js": {"path":"D:\\genuin_platform\\src\\controllers\\authController.js","statementMap":{"0":{"start":{"line":1,"column":12},"end":{"line":1,"column":35}},"1":{"start":{"line":2,"column":15},"end":{"line":2,"column":32}},"2":{"start":{"line":3,"column":13},"end":{"line":3,"column":38}},"3":{"start":{"line":4,"column":23},"end":{"line":4,"column":54}},"4":{"start":{"line":7,"column":0},"end":{"line":32,"column":2}},"5":{"start":{"line":8,"column":2},"end":{"line":31,"column":3}},"6":{"start":{"line":9,"column":42},"end":{"line":9,"column":50}},"7":{"start":{"line":12,"column":25},"end":{"line":12,"column":65}},"8":{"start":{"line":13,"column":4},"end":{"line":15,"column":5}},"9":{"start":{"line":14,"column":6},"end":{"line":14,"column":68}},"10":{"start":{"line":18,"column":27},"end":{"line":18,"column":58}},"11":{"start":{"line":21,"column":20},"end":{"line":25,"column":6}},"12":{"start":{"line":27,"column":4},"end":{"line":27,"column":70}},"13":{"start":{"line":29,"column":4},"end":{"line":29,"column":51}},"14":{"start":{"line":30,"column":4},"end":{"line":30,"column":61}},"15":{"start":{"line":35,"column":0},"end":{"line":59,"column":4}},"16":{"start":{"line":36,"column":4},"end":{"line":58,"column":5}},"17":{"start":{"line":37,"column":34},"end":{"line":37,"column":42}},"18":{"start":{"line":40,"column":19},"end":{"line":40,"column":59}},"19":{"start":{"line":41,"column":6},"end":{"line":43,"column":7}},"20":{"start":{"line":42,"column":8},"end":{"line":42,"column":65}},"21":{"start":{"line":46,"column":22},"end":{"line":46,"column":67}},"22":{"start":{"line":47,"column":6},"end":{"line":49,"column":7}},"23":{"start":{"line":48,"column":8},"end":{"line":48,"column":70}},"24":{"start":{"line":52,"column":20},"end":{"line":52,"column":99}},"25":{"start":{"line":54,"column":6},"end":{"line":54,"column":26}},"26":{"start":{"line":56,"column":6},"end":{"line":56,"column":52}},"27":{"start":{"line":57,"column":6},"end":{"line":57,"column":63}}},"fnMap":{"0":{"name":"(anonymous_0)","decl":{"start":{"line":7,"column":17},"end":{"line":7,"column":18}},"loc":{"start":{"line":7,"column":37},"end":{"line":32,"column":1}},"line":7},"1":{"name":"(anonymous_1)","decl":{"start":{"line":35,"column":16},"end":{"line":35,"column":17}},"loc":{"start":{"line":35,"column":36},"end":{"line":59,"column":3}},"line":35}},"branchMap":{"0":{"loc":{"start":{"line":13,"column":4},"end":{"line":15,"column":5}},"type":"if","locations":[{"start":{"line":13,"column":4},"end":{"line":15,"column":5}},{"start":{},"end":{}}],"line":13},"1":{"loc":{"start":{"line":41,"column":6},"end":{"line":43,"column":7}},"type":"if","locations":[{"start":{"line":41,"column":6},"end":{"line":43,"column":7}},{"start":{},"end":{}}],"line":41},"2":{"loc":{"start":{"line":47,"column":6},"end":{"line":49,"column":7}},"type":"if","locations":[{"start":{"line":47,"column":6},"end":{"line":49,"column":7}},{"start":{},"end":{}}],"line":47}},"s":{"0":2,"1":2,"2":2,"3":2,"4":2,"5":5,"6":5,"7":5,"8":5,"9":5,"10":0,"11":0,"12":0,"13":0,"14":0,"15":2,"16":6,"17":6,"18":6,"19":6,"20":1,"21":5,"22":4,"23":2,"24":2,"25":2,"26":1,"27":1},"f":{"0":5,"1":6},"b":{"0":[5,0],"1":[1,5],"2":[2,2]},"_coverageSchema":"1a1c01bbd47fc00a2c39e90264f33305004495a9","hash":"71ccbd53f6b58c0f74596232b4ae7a66191ad465"}
,"D:\\genuin_platform\\src\\controllers\\brandController.js": {"path":"D:\\genuin_platform\\src\\controllers\\brandController.js","statementMap":{"0":{"start":{"line":1,"column":26},"end":{"line":1,"column":61}},"1":{"start":{"line":2,"column":14},"end":{"line":2,"column":40}},"2":{"start":{"line":3,"column":14},"end":{"line":3,"column":40}},"3":{"start":{"line":4,"column":14},"end":{"line":4,"column":40}},"4":{"start":{"line":5,"column":18},"end":{"line":5,"column":48}},"5":{"start":{"line":6,"column":18},"end":{"line":6,"column":48}},"6":{"start":{"line":7,"column":28},"end":{"line":7,"column":58}},"7":{"start":{"line":8,"column":14},"end":{"line":8,"column":30}},"8":{"start":{"line":11,"column":0},"end":{"line":39,"column":2}},"9":{"start":{"line":12,"column":2},"end":{"line":38,"column":3}},"10":{"start":{"line":13,"column":21},"end":{"line":13,"column":39}},"11":{"start":{"line":16,"column":19},"end":{"line":32,"column":6}},"12":{"start":{"line":17,"column":30},"end":{"line":30,"column":8}},"13":{"start":{"line":31,"column":6},"end":{"line":31,"column":29}},"14":{"start":{"line":34,"column":4},"end":{"line":34,"column":21}},"15":{"start":{"line":36,"column":4},"end":{"line":36,"column":57}},"16":{"start":{"line":37,"column":4},"end":{"line":37,"column":61}},"17":{"start":{"line":42,"column":0},"end":{"line":64,"column":2}},"18":{"start":{"line":43,"column":2},"end":{"line":63,"column":3}},"19":{"start":{"line":45,"column":21},"end":{"line":45,"column":57}},"20":{"start":{"line":48,"column":21},"end":{"line":48,"column":79}},"21":{"start":{"line":49,"column":25},"end":{"line":49,"column":38}},"22":{"start":{"line":52,"column":24},"end":{"line":52,"column":75}},"23":{"start":{"line":52,"column":53},"end":{"line":52,"column":74}},"24":{"start":{"line":54,"column":4},"end":{"line":56,"column":5}},"25":{"start":{"line":55,"column":6},"end":{"line":55,"column":78}},"26":{"start":{"line":59,"column":4},"end":{"line":59,"column":26}},"27":{"start":{"line":61,"column":4},"end":{"line":61,"column":67}},"28":{"start":{"line":62,"column":4},"end":{"line":62,"column":94}},"29":{"start":{"line":67,"column":0},"end":{"line":78,"column":2}},"30":{"start":{"line":68,"column":2},"end":{"line":77,"column":3}},"31":{"start":{"line":70,"column":19},"end":{"line":70,"column":40}},"32":{"start":{"line":73,"column":4},"end":{"line":73,"column":21}},"33":{"start":{"line":75,"column":4},"end":{"line":75,"column":53}},"34":{"start":{"line":76,"column":4},"end":{"line":76,"column":61}},"35":{"start":{"line":81,"column":0},"end":{"line":105,"column":2}},"36":{"start":{"line":82,"column":2},"end":{"line":104,"column":3}},"37":{"start":{"line":83,"column":77},"end":{"line":83,"column":85}},"38":{"start":{"line":86,"column":4},"end":{"line":88,"column":5}},"39":{"start":{"line":87,"column":6},"end":{"line":87,"column":72}},"40":{"start":{"line":91,"column":21},"end":{"line":97,"column":6}},"41":{"start":{"line":100,"column":4},"end":{"line":100,"column":35}},"42":{"start":{"line":102,"column":4},"end":{"line":102,"column":52}},"43":{"start":{"line":103,"column":4},"end":{"line":103,"column":61}},"44":{"start":{"line":108,"column":0},"end":{"line":134,"column":2}},"45":{"start":{"line":109,"column":2},"end":{"line":133,"column":3}},"46":{"start":{"line":110,"column":19},"end":{"line":110,"column":29}},"47":{"start":{"line":111,"column":77},"end":{"line":111,"column":85}},"48":{"start":{"line":114,"column":18},"end":{"line":114,"column":42}},"49":{"start":{"line":115,"column":4},"end":{"line":117,"column":5}},"50":{"start":{"line":116,"column":6},"end":{"line":116,"column":64}},"51":{"start":{"line":120,"column":4},"end":{"line":126,"column":7}},"52":{"start":{"line":129,"column":4},"end":{"line":129,"column":20}},"53":{"start":{"line":131,"column":4},"end":{"line":131,"column":52}},"54":{"start":{"line":132,"column":4},"end":{"line":132,"column":61}},"55":{"start":{"line":137,"column":0},"end":{"line":156,"column":2}},"56":{"start":{"line":138,"column":2},"end":{"line":155,"column":3}},"57":{"start":{"line":139,"column":19},"end":{"line":139,"column":29}},"58":{"start":{"line":142,"column":18},"end":{"line":142,"column":42}},"59":{"start":{"line":143,"column":4},"end":{"line":145,"column":5}},"60":{"start":{"line":144,"column":6},"end":{"line":144,"column":64}},"61":{"start":{"line":148,"column":4},"end":{"line":148,"column":26}},"62":{"start":{"line":151,"column":4},"end":{"line":151,"column":56}},"63":{"start":{"line":153,"column":4},"end":{"line":153,"column":52}},"64":{"start":{"line":154,"column":4},"end":{"line":154,"column":61}}},"fnMap":{"0":{"name":"(anonymous_0)","decl":{"start":{"line":11,"column":30},"end":{"line":11,"column":31}},"loc":{"start":{"line":11,"column":50},"end":{"line":39,"column":1}},"line":11},"1":{"name":"(anonymous_1)","decl":{"start":{"line":16,"column":49},"end":{"line":16,"column":50}},"loc":{"start":{"line":16,"column":61},"end":{"line":32,"column":5}},"line":16},"2":{"name":"(anonymous_2)","decl":{"start":{"line":42,"column":31},"end":{"line":42,"column":32}},"loc":{"start":{"line":42,"column":51},"end":{"line":64,"column":1}},"line":42},"3":{"name":"(anonymous_3)","decl":{"start":{"line":52,"column":42},"end":{"line":52,"column":43}},"loc":{"start":{"line":52,"column":53},"end":{"line":52,"column":74}},"line":52},"4":{"name":"(anonymous_4)","decl":{"start":{"line":67,"column":23},"end":{"line":67,"column":24}},"loc":{"start":{"line":67,"column":43},"end":{"line":78,"column":1}},"line":67},"5":{"name":"(anonymous_5)","decl":{"start":{"line":81,"column":22},"end":{"line":81,"column":23}},"loc":{"start":{"line":81,"column":42},"end":{"line":105,"column":1}},"line":81},"6":{"name":"(anonymous_6)","decl":{"start":{"line":108,"column":22},"end":{"line":108,"column":23}},"loc":{"start":{"line":108,"column":42},"end":{"line":134,"column":1}},"line":108},"7":{"name":"(anonymous_7)","decl":{"start":{"line":137,"column":22},"end":{"line":137,"column":23}},"loc":{"start":{"line":137,"column":42},"end":{"line":156,"column":1}},"line":137}},"branchMap":{"0":{"loc":{"start":{"line":54,"column":4},"end":{"line":56,"column":5}},"type":"if","locations":[{"start":{"line":54,"column":4},"end":{"line":56,"column":5}},{"start":{},"end":{}}],"line":54},"1":{"loc":{"start":{"line":62,"column":15},"end":{"line":62,"column":34}},"type":"binary-expr","locations":[{"start":{"line":62,"column":15},"end":{"line":62,"column":27}},{"start":{"line":62,"column":31},"end":{"line":62,"column":34}}],"line":62},"2":{"loc":{"start":{"line":62,"column":50},"end":{"line":62,"column":90}},"type":"binary-expr","locations":[{"start":{"line":62,"column":50},"end":{"line":62,"column":63}},{"start":{"line":62,"column":67},"end":{"line":62,"column":90}}],"line":62},"3":{"loc":{"start":{"line":86,"column":4},"end":{"line":88,"column":5}},"type":"if","locations":[{"start":{"line":86,"column":4},"end":{"line":88,"column":5}},{"start":{},"end":{}}],"line":86},"4":{"loc":{"start":{"line":86,"column":8},"end":{"line":86,"column":81}},"type":"binary-expr","locations":[{"start":{"line":86,"column":8},"end":{"line":86,"column":13}},{"start":{"line":86,"column":17},"end":{"line":86,"column":28}},{"start":{"line":86,"column":32},"end":{"line":86,"column":45}},{"start":{"line":86,"column":49},"end":{"line":86,"column":64}},{"start":{"line":86,"column":68},"end":{"line":86,"column":81}}],"line":86},"5":{"loc":{"start":{"line":115,"column":4},"end":{"line":117,"column":5}},"type":"if","locations":[{"start":{"line":115,"column":4},"end":{"line":117,"column":5}},{"start":{},"end":{}}],"line":115},"6":{"loc":{"start":{"line":143,"column":4},"end":{"line":145,"column":5}},"type":"if","locations":[{"start":{"line":143,"column":4},"end":{"line":145,"column":5}},{"start":{},"end":{}}],"line":143}},"s":{"0":1,"1":1,"2":1,"3":1,"4":1,"5":1,"6":1,"7":1,"8":1,"9":2,"10":2,"11":2,"12":0,"13":0,"14":2,"15":0,"16":0,"17":1,"18":1,"19":1,"20":0,"21":0,"22":0,"23":0,"24":0,"25":0,"26":0,"27":1,"28":1,"29":1,"30":2,"31":2,"32":2,"33":0,"34":0,"35":1,"36":3,"37":3,"38":3,"39":1,"40":2,"41":2,"42":0,"43":0,"44":1,"45":3,"46":3,"47":3,"48":3,"49":3,"50":3,"51":0,"52":0,"53":0,"54":0,"55":1,"56":3,"57":3,"58":3,"59":3,"60":3,"61":0,"62":0,"63":0,"64":0},"f":{"0":2,"1":0,"2":1,"3":0,"4":2,"5":3,"6":3,"7":3},"b":{"0":[0,0],"1":[1,1],"2":[1,0],"3":[1,2],"4":[3,3,2,2,2],"5":[3,0],"6":[3,0]},"_coverageSchema":"1a1c01bbd47fc00a2c39e90264f33305004495a9","hash":"093e61e6f956e70e6d325df06d59961795c11438"}
,"D:\\genuin_platform\\src\\middleware\\authMiddleware.js": {"path":"D:\\genuin_platform\\src\\middleware\\authMiddleware.js","statementMap":{"0":{"start":{"line":1,"column":12},"end":{"line":1,"column":35}},"1":{"start":{"line":2,"column":23},"end":{"line":2,"column":54}},"2":{"start":{"line":8,"column":0},"end":{"line":34,"column":2}},"3":{"start":{"line":9,"column":21},"end":{"line":9,"column":49}},"4":{"start":{"line":10,"column":16},"end":{"line":10,"column":54}},"5":{"start":{"line":12,"column":2},"end":{"line":14,"column":3}},"6":{"start":{"line":13,"column":4},"end":{"line":13,"column":80}},"7":{"start":{"line":16,"column":2},"end":{"line":33,"column":3}},"8":{"start":{"line":17,"column":20},"end":{"line":17,"column":49}},"9":{"start":{"line":19,"column":4},"end":{"line":21,"column":5}},"10":{"start":{"line":20,"column":6},"end":{"line":20,"column":70}},"11":{"start":{"line":24,"column":4},"end":{"line":27,"column":6}},"12":{"start":{"line":29,"column":4},"end":{"line":29,"column":11}},"13":{"start":{"line":31,"column":4},"end":{"line":31,"column":45}},"14":{"start":{"line":32,"column":4},"end":{"line":32,"column":64}},"15":{"start":{"line":40,"column":0},"end":{"line":50,"column":2}},"16":{"start":{"line":41,"column":2},"end":{"line":49,"column":4}},"17":{"start":{"line":42,"column":21},"end":{"line":42,"column":35}},"18":{"start":{"line":44,"column":4},"end":{"line":46,"column":5}},"19":{"start":{"line":45,"column":6},"end":{"line":45,"column":85}},"20":{"start":{"line":48,"column":4},"end":{"line":48,"column":11}}},"fnMap":{"0":{"name":"(anonymous_0)","decl":{"start":{"line":8,"column":28},"end":{"line":8,"column":29}},"loc":{"start":{"line":8,"column":48},"end":{"line":34,"column":1}},"line":8},"1":{"name":"(anonymous_1)","decl":{"start":{"line":40,"column":24},"end":{"line":40,"column":25}},"loc":{"start":{"line":40,"column":42},"end":{"line":50,"column":1}},"line":40},"2":{"name":"(anonymous_2)","decl":{"start":{"line":41,"column":9},"end":{"line":41,"column":10}},"loc":{"start":{"line":41,"column":29},"end":{"line":49,"column":3}},"line":41}},"branchMap":{"0":{"loc":{"start":{"line":10,"column":16},"end":{"line":10,"column":54}},"type":"binary-expr","locations":[{"start":{"line":10,"column":16},"end":{"line":10,"column":26}},{"start":{"line":10,"column":30},"end":{"line":10,"column":54}}],"line":10},"1":{"loc":{"start":{"line":12,"column":2},"end":{"line":14,"column":3}},"type":"if","locations":[{"start":{"line":12,"column":2},"end":{"line":14,"column":3}},{"start":{},"end":{}}],"line":12},"2":{"loc":{"start":{"line":19,"column":4},"end":{"line":21,"column":5}},"type":"if","locations":[{"start":{"line":19,"column":4},"end":{"line":21,"column":5}},{"start":{},"end":{}}],"line":19},"3":{"loc":{"start":{"line":19,"column":8},"end":{"line":19,"column":52}},"type":"binary-expr","locations":[{"start":{"line":19,"column":8},"end":{"line":19,"column":16}},{"start":{"line":19,"column":20},"end":{"line":19,"column":35}},{"start":{"line":19,"column":39},"end":{"line":19,"column":52}}],"line":19},"4":{"loc":{"start":{"line":44,"column":4},"end":{"line":46,"column":5}},"type":"if","locations":[{"start":{"line":44,"column":4},"end":{"line":46,"column":5}},{"start":{},"end":{}}],"line":44},"5":{"loc":{"start":{"line":44,"column":8},"end":{"line":44,"column":53}},"type":"binary-expr","locations":[{"start":{"line":44,"column":8},"end":{"line":44,"column":17}},{"start":{"line":44,"column":21},"end":{"line":44,"column":53}}],"line":44}},"s":{"0":1,"1":1,"2":1,"3":5,"4":5,"5":5,"6":1,"7":4,"8":4,"9":3,"10":1,"11":2,"12":2,"13":1,"14":1,"15":1,"16":4,"17":4,"18":4,"19":2,"20":2},"f":{"0":5,"1":4,"2":4},"b":{"0":[5,4],"1":[1,4],"2":[1,2],"3":[3,3,2],"4":[2,2],"5":[4,3]},"_coverageSchema":"1a1c01bbd47fc00a2c39e90264f33305004495a9","hash":"792f072d039d36777104f39491be9c6582a5e282"}
,"D:\\genuin_platform\\src\\models\\Brand.js": {"path":"D:\\genuin_platform\\src\\models\\Brand.js","statementMap":{"0":{"start":{"line":1,"column":22},"end":{"line":1,"column":42}},"1":{"start":{"line":2,"column":18},"end":{"line":2,"column":48}},"2":{"start":{"line":4,"column":14},"end":{"line":10,"column":2}},"3":{"start":{"line":12,"column":0},"end":{"line":12,"column":23}}},"fnMap":{},"branchMap":{},"s":{"0":1,"1":1,"2":1,"3":1},"f":{},"b":{},"_coverageSchema":"1a1c01bbd47fc00a2c39e90264f33305004495a9","hash":"26d4184d12ace9d35ad1fae74fcd5aef0758ef1e"}
,"D:\\genuin_platform\\src\\models\\Community.js": {"path":"D:\\genuin_platform\\src\\models\\Community.js","statementMap":{"0":{"start":{"line":1,"column":22},"end":{"line":1,"column":42}},"1":{"start":{"line":2,"column":18},"end":{"line":2,"column":48}},"2":{"start":{"line":4,"column":18},"end":{"line":7,"column":2}},"3":{"start":{"line":9,"column":0},"end":{"line":9,"column":27}}},"fnMap":{},"branchMap":{},"s":{"0":1,"1":1,"2":1,"3":1},"f":{},"b":{},"_coverageSchema":"1a1c01bbd47fc00a2c39e90264f33305004495a9","hash":"fbcebccfd76c0c0212c4fbdc1cfb8ab721c238e1"}
,"D:\\genuin_platform\\src\\models\\Group.js": {"path":"D:\\genuin_platform\\src\\models\\Group.js","statementMap":{"0":{"start":{"line":1,"column":22},"end":{"line":1,"column":42}},"1":{"start":{"line":2,"column":18},"end":{"line":2,"column":48}},"2":{"start":{"line":4,"column":14},"end":{"line":7,"column":2}},"3":{"start":{"line":9,"column":0},"end":{"line":9,"column":23}}},"fnMap":{},"branchMap":{},"s":{"0":1,"1":1,"2":1,"3":1},"f":{},"b":{},"_coverageSchema":"1a1c01bbd47fc00a2c39e90264f33305004495a9","hash":"24a25ed8e0e6f209936635998d7d9b7817024f4e"}
,"D:\\genuin_platform\\src\\models\\User.js": {"path":"D:\\genuin_platform\\src\\models\\User.js","statementMap":{"0":{"start":{"line":1,"column":22},"end":{"line":1,"column":42}},"1":{"start":{"line":2,"column":18},"end":{"line":2,"column":48}},"2":{"start":{"line":4,"column":13},"end":{"line":39,"column":2}},"3":{"start":{"line":41,"column":0},"end":{"line":41,"column":22}}},"fnMap":{},"branchMap":{},"s":{"0":2,"1":2,"2":2,"3":2},"f":{},"b":{},"_coverageSchema":"1a1c01bbd47fc00a2c39e90264f33305004495a9","hash":"a800d18f9ca6366ddac34b40bb1d4fa8690eb709"}
,"D:\\genuin_platform\\src\\models\\Video.js": {"path":"D:\\genuin_platform\\src\\models\\Video.js","statementMap":{"0":{"start":{"line":1,"column":22},"end":{"line":1,"column":42}},"1":{"start":{"line":2,"column":18},"end":{"line":2,"column":48}},"2":{"start":{"line":4,"column":14},"end":{"line":9,"column":2}},"3":{"start":{"line":11,"column":0},"end":{"line":11,"column":23}}},"fnMap":{},"branchMap":{},"s":{"0":1,"1":1,"2":1,"3":1},"f":{},"b":{},"_coverageSchema":"1a1c01bbd47fc00a2c39e90264f33305004495a9","hash":"45b87ac8e9af4508c911ea081a55ad821570d4ab"}
,"D:\\genuin_platform\\src\\services\\cacheService.js": {"path":"D:\\genuin_platform\\src\\services\\cacheService.js","statementMap":{"0":{"start":{"line":1,"column":20},"end":{"line":1,"column":46}},"1":{"start":{"line":4,"column":0},"end":{"line":28,"column":2}},"2":{"start":{"line":5,"column":2},"end":{"line":27,"column":3}},"3":{"start":{"line":7,"column":23},"end":{"line":7,"column":54}},"4":{"start":{"line":8,"column":4},"end":{"line":11,"column":5}},"5":{"start":{"line":9,"column":6},"end":{"line":9,"column":68}},"6":{"start":{"line":10,"column":6},"end":{"line":10,"column":36}},"7":{"start":{"line":14,"column":19},"end":{"line":14,"column":36}},"8":{"start":{"line":15,"column":4},"end":{"line":17,"column":5}},"9":{"start":{"line":16,"column":6},"end":{"line":16,"column":56}},"10":{"start":{"line":20,"column":4},"end":{"line":20,"column":67}},"11":{"start":{"line":21,"column":4},"end":{"line":21,"column":72}},"12":{"start":{"line":23,"column":4},"end":{"line":23,"column":18}},"13":{"start":{"line":25,"column":4},"end":{"line":25,"column":54}},"14":{"start":{"line":26,"column":4},"end":{"line":26,"column":16}},"15":{"start":{"line":31,"column":0},"end":{"line":34,"column":2}},"16":{"start":{"line":32,"column":19},"end":{"line":32,"column":34}},"17":{"start":{"line":33,"column":2},"end":{"line":33,"column":52}},"18":{"start":{"line":37,"column":0},"end":{"line":40,"column":2}},"19":{"start":{"line":38,"column":19},"end":{"line":38,"column":34}},"20":{"start":{"line":39,"column":2},"end":{"line":39,"column":52}},"21":{"start":{"line":43,"column":0},"end":{"line":46,"column":2}},"22":{"start":{"line":44,"column":19},"end":{"line":44,"column":37}},"23":{"start":{"line":45,"column":2},"end":{"line":45,"column":52}},"24":{"start":{"line":49,"column":0},"end":{"line":52,"column":2}},"25":{"start":{"line":50,"column":19},"end":{"line":50,"column":37}},"26":{"start":{"line":51,"column":2},"end":{"line":51,"column":52}},"27":{"start":{"line":55,"column":0},"end":{"line":62,"column":2}},"28":{"start":{"line":56,"column":2},"end":{"line":61,"column":3}},"29":{"start":{"line":57,"column":4},"end":{"line":57,"column":36}},"30":{"start":{"line":58,"column":4},"end":{"line":58,"column":50}},"31":{"start":{"line":60,"column":4},"end":{"line":60,"column":52}}},"fnMap":{"0":{"name":"(anonymous_0)","decl":{"start":{"line":4,"column":24},"end":{"line":4,"column":25}},"loc":{"start":{"line":4,"column":66},"end":{"line":28,"column":1}},"line":4},"1":{"name":"(anonymous_1)","decl":{"start":{"line":31,"column":26},"end":{"line":31,"column":27}},"loc":{"start":{"line":31,"column":47},"end":{"line":34,"column":1}},"line":31},"2":{"name":"(anonymous_2)","decl":{"start":{"line":37,"column":26},"end":{"line":37,"column":27}},"loc":{"start":{"line":37,"column":47},"end":{"line":40,"column":1}},"line":37},"3":{"name":"(anonymous_3)","decl":{"start":{"line":43,"column":30},"end":{"line":43,"column":31}},"loc":{"start":{"line":43,"column":51},"end":{"line":46,"column":1}},"line":43},"4":{"name":"(anonymous_4)","decl":{"start":{"line":49,"column":30},"end":{"line":49,"column":31}},"loc":{"start":{"line":49,"column":51},"end":{"line":52,"column":1}},"line":49},"5":{"name":"(anonymous_5)","decl":{"start":{"line":55,"column":21},"end":{"line":55,"column":22}},"loc":{"start":{"line":55,"column":41},"end":{"line":62,"column":1}},"line":55}},"branchMap":{"0":{"loc":{"start":{"line":4,"column":52},"end":{"line":4,"column":61}},"type":"default-arg","locations":[{"start":{"line":4,"column":58},"end":{"line":4,"column":61}}],"line":4},"1":{"loc":{"start":{"line":8,"column":4},"end":{"line":11,"column":5}},"type":"if","locations":[{"start":{"line":8,"column":4},"end":{"line":11,"column":5}},{"start":{},"end":{}}],"line":8},"2":{"loc":{"start":{"line":15,"column":4},"end":{"line":17,"column":5}},"type":"if","locations":[{"start":{"line":15,"column":4},"end":{"line":17,"column":5}},{"start":{},"end":{}}],"line":15}},"s":{"0":2,"1":2,"2":10,"3":10,"4":10,"5":3,"6":3,"7":7,"8":6,"9":1,"10":5,"11":5,"12":5,"13":2,"14":2,"15":2,"16":1,"17":1,"18":2,"19":1,"20":1,"21":2,"22":1,"23":1,"24":2,"25":1,"26":1,"27":2,"28":2,"29":2,"30":1,"31":1},"f":{"0":10,"1":1,"2":1,"3":1,"4":1,"5":2},"b":{"0":[9],"1":[3,7],"2":[1,5]},"_coverageSchema":"1a1c01bbd47fc00a2c39e90264f33305004495a9","hash":"8b3bf657b51f23c7027aedbba20ceb4ef1c7d954"}
,"D:\\genuin_platform\\src\\utils\\validators.js": {"path":"D:\\genuin_platform\\src\\utils\\validators.js","statementMap":{"0":{"start":{"line":3,"column":0},"end":{"line":8,"column":4}},"1":{"start":{"line":4,"column":4},"end":{"line":6,"column":5}},"2":{"start":{"line":5,"column":6},"end":{"line":5,"column":42}},"3":{"start":{"line":7,"column":4},"end":{"line":7,"column":28}},"4":{"start":{"line":11,"column":0},"end":{"line":23,"column":4}},"5":{"start":{"line":12,"column":4},"end":{"line":12,"column":24}},"6":{"start":{"line":13,"column":4},"end":{"line":13,"column":26}},"7":{"start":{"line":15,"column":4},"end":{"line":17,"column":5}},"8":{"start":{"line":16,"column":6},"end":{"line":16,"column":45}},"9":{"start":{"line":18,"column":4},"end":{"line":20,"column":5}},"10":{"start":{"line":19,"column":6},"end":{"line":19,"column":45}},"11":{"start":{"line":22,"column":4},"end":{"line":22,"column":27}}},"fnMap":{"0":{"name":"(anonymous_0)","decl":{"start":{"line":3,"column":26},"end":{"line":3,"column":27}},"loc":{"start":{"line":3,"column":40},"end":{"line":8,"column":3}},"line":3},"1":{"name":"(anonymous_1)","decl":{"start":{"line":11,"column":29},"end":{"line":11,"column":30}},"loc":{"start":{"line":11,"column":55},"end":{"line":23,"column":3}},"line":11}},"branchMap":{"0":{"loc":{"start":{"line":4,"column":4},"end":{"line":6,"column":5}},"type":"if","locations":[{"start":{"line":4,"column":4},"end":{"line":6,"column":5}},{"start":{},"end":{}}],"line":4},"1":{"loc":{"start":{"line":4,"column":8},"end":{"line":4,"column":44}},"type":"binary-expr","locations":[{"start":{"line":4,"column":8},"end":{"line":4,"column":17}},{"start":{"line":4,"column":21},"end":{"line":4,"column":44}}],"line":4},"2":{"loc":{"start":{"line":11,"column":30},"end":{"line":11,"column":38}},"type":"default-arg","locations":[{"start":{"line":11,"column":37},"end":{"line":11,"column":38}}],"line":11},"3":{"loc":{"start":{"line":11,"column":40},"end":{"line":11,"column":50}},"type":"default-arg","locations":[{"start":{"line":11,"column":48},"end":{"line":11,"column":50}}],"line":11},"4":{"loc":{"start":{"line":15,"column":4},"end":{"line":17,"column":5}},"type":"if","locations":[{"start":{"line":15,"column":4},"end":{"line":17,"column":5}},{"start":{},"end":{}}],"line":15},"5":{"loc":{"start":{"line":15,"column":8},"end":{"line":15,"column":31}},"type":"binary-expr","locations":[{"start":{"line":15,"column":8},"end":{"line":15,"column":19}},{"start":{"line":15,"column":23},"end":{"line":15,"column":31}}],"line":15},"6":{"loc":{"start":{"line":18,"column":4},"end":{"line":20,"column":5}},"type":"if","locations":[{"start":{"line":18,"column":4},"end":{"line":20,"column":5}},{"start":{},"end":{}}],"line":18},"7":{"loc":{"start":{"line":18,"column":8},"end":{"line":18,"column":33}},"type":"binary-expr","locations":[{"start":{"line":18,"column":8},"end":{"line":18,"column":20}},{"start":{"line":18,"column":24},"end":{"line":18,"column":33}}],"line":18}},"s":{"0":2,"1":5,"2":4,"3":1,"4":2,"5":8,"6":8,"7":8,"8":2,"9":6,"10":2,"11":4},"f":{"0":5,"1":8},"b":{"0":[4,1],"1":[5,3],"2":[1],"3":[3],"4":[2,6],"5":[8,7],"6":[2,4],"7":[6,5]},"_coverageSchema":"1a1c01bbd47fc00a2c39e90264f33305004495a9","hash":"51750de5793dea98b54f6d3973adfceda68ce243"}
,"D:\\genuin_platform\\tests\\config\\configs.mock.js": {"path":"D:\\genuin_platform\\tests\\config\\configs.mock.js","statementMap":{"0":{"start":{"line":2,"column":16},"end":{"line":11,"column":3}},"1":{"start":{"line":14,"column":24},"end":{"line":18,"column":3}},"2":{"start":{"line":20,"column":35},"end":{"line":20,"column":54}},"3":{"start":{"line":20,"column":41},"end":{"line":20,"column":54}},"4":{"start":{"line":23,"column":26},"end":{"line":33,"column":3}},"5":{"start":{"line":27,"column":6},"end":{"line":29,"column":7}},"6":{"start":{"line":28,"column":8},"end":{"line":28,"column":48}},"7":{"start":{"line":35,"column":32},"end":{"line":35,"column":53}},"8":{"start":{"line":35,"column":38},"end":{"line":35,"column":53}},"9":{"start":{"line":38,"column":22},"end":{"line":41,"column":3}},"10":{"start":{"line":43,"column":2},"end":{"line":43,"column":50}},"11":{"start":{"line":45,"column":2},"end":{"line":52,"column":4}}},"fnMap":{"0":{"name":"(anonymous_0)","decl":{"start":{"line":20,"column":35},"end":{"line":20,"column":36}},"loc":{"start":{"line":20,"column":41},"end":{"line":20,"column":54}},"line":20},"1":{"name":"(anonymous_1)","decl":{"start":{"line":26,"column":16},"end":{"line":26,"column":17}},"loc":{"start":{"line":26,"column":37},"end":{"line":30,"column":5}},"line":26},"2":{"name":"(anonymous_2)","decl":{"start":{"line":35,"column":32},"end":{"line":35,"column":33}},"loc":{"start":{"line":35,"column":38},"end":{"line":35,"column":53}},"line":35}},"branchMap":{"0":{"loc":{"start":{"line":27,"column":6},"end":{"line":29,"column":7}},"type":"if","locations":[{"start":{"line":27,"column":6},"end":{"line":29,"column":7}},{"start":{},"end":{}}],"line":27},"1":{"loc":{"start":{"line":27,"column":10},"end":{"line":27,"column":39}},"type":"binary-expr","locations":[{"start":{"line":27,"column":10},"end":{"line":27,"column":27}},{"start":{"line":27,"column":31},"end":{"line":27,"column":39}}],"line":27}},"s":{"0":1,"1":1,"2":1,"3":0,"4":1,"5":7,"6":7,"7":1,"8":0,"9":1,"10":1,"11":1},"f":{"0":0,"1":7,"2":0},"b":{"0":[7,0],"1":[7,7]},"_coverageSchema":"1a1c01bbd47fc00a2c39e90264f33305004495a9","hash":"9cac61fdf99e8ea310042de0db6420ceab324034"}
,"D:\\genuin_platform\\tests\\controllers\\authController.mock.js": {"path":"D:\\genuin_platform\\tests\\controllers\\authController.mock.js","statementMap":{"0":{"start":{"line":1,"column":15},"end":{"line":1,"column":32}},"1":{"start":{"line":2,"column":12},"end":{"line":2,"column":35}},"2":{"start":{"line":5,"column":18},"end":{"line":18,"column":1}},"3":{"start":{"line":21,"column":15},"end":{"line":27,"column":1}},"4":{"start":{"line":30,"column":21},"end":{"line":60,"column":1}},"5":{"start":{"line":63,"column":21},"end":{"line":68,"column":1}},"6":{"start":{"line":64,"column":14},"end":{"line":64,"column":16}},"7":{"start":{"line":65,"column":2},"end":{"line":65,"column":46}},"8":{"start":{"line":66,"column":2},"end":{"line":66,"column":44}},"9":{"start":{"line":67,"column":2},"end":{"line":67,"column":13}},"10":{"start":{"line":70,"column":0},"end":{"line":75,"column":2}}},"fnMap":{"0":{"name":"(anonymous_0)","decl":{"start":{"line":63,"column":21},"end":{"line":63,"column":22}},"loc":{"start":{"line":63,"column":27},"end":{"line":68,"column":1}},"line":63}},"branchMap":{},"s":{"0":1,"1":1,"2":1,"3":1,"4":1,"5":1,"6":9,"7":9,"8":9,"9":9,"10":1},"f":{"0":9},"b":{},"_coverageSchema":"1a1c01bbd47fc00a2c39e90264f33305004495a9","hash":"6ee838789a1bc738fe23716676256a639999cba6"}
,"D:\\genuin_platform\\tests\\controllers\\brandController.mock.js": {"path":"D:\\genuin_platform\\tests\\controllers\\brandController.mock.js","statementMap":{"0":{"start":{"line":1,"column":26},"end":{"line":1,"column":68}},"1":{"start":{"line":4,"column":19},"end":{"line":25,"column":1}},"2":{"start":{"line":28,"column":19},"end":{"line":43,"column":1}},"3":{"start":{"line":46,"column":15},"end":{"line":57,"column":1}},"4":{"start":{"line":60,"column":21},"end":{"line":94,"column":1}},"5":{"start":{"line":97,"column":21},"end":{"line":102,"column":1}},"6":{"start":{"line":98,"column":14},"end":{"line":98,"column":16}},"7":{"start":{"line":99,"column":2},"end":{"line":99,"column":46}},"8":{"start":{"line":100,"column":2},"end":{"line":100,"column":44}},"9":{"start":{"line":101,"column":2},"end":{"line":101,"column":13}},"10":{"start":{"line":105,"column":26},"end":{"line":107,"column":1}},"11":{"start":{"line":109,"column":0},"end":{"line":111,"column":4}},"12":{"start":{"line":109,"column":26},"end":{"line":111,"column":1}},"13":{"start":{"line":114,"column":0},"end":{"line":116,"column":4}},"14":{"start":{"line":114,"column":52},"end":{"line":116,"column":1}},"15":{"start":{"line":118,"column":0},"end":{"line":125,"column":2}}},"fnMap":{"0":{"name":"(anonymous_0)","decl":{"start":{"line":97,"column":21},"end":{"line":97,"column":22}},"loc":{"start":{"line":97,"column":27},"end":{"line":102,"column":1}},"line":97},"1":{"name":"(anonymous_1)","decl":{"start":{"line":109,"column":19},"end":{"line":109,"column":20}},"loc":{"start":{"line":109,"column":26},"end":{"line":111,"column":1}},"line":109},"2":{"name":"(anonymous_2)","decl":{"start":{"line":114,"column":45},"end":{"line":114,"column":46}},"loc":{"start":{"line":114,"column":52},"end":{"line":116,"column":1}},"line":114}},"branchMap":{},"s":{"0":1,"1":1,"2":1,"3":1,"4":1,"5":1,"6":16,"7":16,"8":16,"9":16,"10":1,"11":1,"12":0,"13":1,"14":1,"15":1},"f":{"0":16,"1":0,"2":1},"b":{},"_coverageSchema":"1a1c01bbd47fc00a2c39e90264f33305004495a9","hash":"1dba317e892484bf7f2186c6e671ef974fd3675c"}
,"D:\\genuin_platform\\tests\\controllers\\controller.mock.js": {"path":"D:\\genuin_platform\\tests\\controllers\\controller.mock.js","statementMap":{"0":{"start":{"line":2,"column":17},"end":{"line":8,"column":3}},"1":{"start":{"line":10,"column":20},"end":{"line":17,"column":3}},"2":{"start":{"line":19,"column":24},"end":{"line":23,"column":3}},"3":{"start":{"line":25,"column":20},"end":{"line":29,"column":3}},"4":{"start":{"line":31,"column":20},"end":{"line":39,"column":3}},"5":{"start":{"line":42,"column":17},"end":{"line":76,"column":3}},"6":{"start":{"line":79,"column":2},"end":{"line":82,"column":6}},"7":{"start":{"line":79,"column":35},"end":{"line":82,"column":3}},"8":{"start":{"line":84,"column":2},"end":{"line":87,"column":6}},"9":{"start":{"line":84,"column":29},"end":{"line":87,"column":3}},"10":{"start":{"line":90,"column":2},"end":{"line":92,"column":6}},"11":{"start":{"line":90,"column":28},"end":{"line":92,"column":3}},"12":{"start":{"line":95,"column":2},"end":{"line":97,"column":6}},"13":{"start":{"line":95,"column":54},"end":{"line":97,"column":3}},"14":{"start":{"line":96,"column":40},"end":{"line":96,"column":44}},"15":{"start":{"line":99,"column":2},"end":{"line":106,"column":4}}},"fnMap":{"0":{"name":"(anonymous_0)","decl":{"start":{"line":79,"column":28},"end":{"line":79,"column":29}},"loc":{"start":{"line":79,"column":35},"end":{"line":82,"column":3}},"line":79},"1":{"name":"(anonymous_1)","decl":{"start":{"line":84,"column":22},"end":{"line":84,"column":23}},"loc":{"start":{"line":84,"column":29},"end":{"line":87,"column":3}},"line":84},"2":{"name":"(anonymous_2)","decl":{"start":{"line":90,"column":21},"end":{"line":90,"column":22}},"loc":{"start":{"line":90,"column":28},"end":{"line":92,"column":3}},"line":90},"3":{"name":"(anonymous_3)","decl":{"start":{"line":95,"column":47},"end":{"line":95,"column":48}},"loc":{"start":{"line":95,"column":54},"end":{"line":97,"column":3}},"line":95},"4":{"name":"(anonymous_4)","decl":{"start":{"line":96,"column":27},"end":{"line":96,"column":28}},"loc":{"start":{"line":96,"column":40},"end":{"line":96,"column":44}},"line":96}},"branchMap":{},"s":{"0":1,"1":1,"2":1,"3":1,"4":1,"5":1,"6":1,"7":1,"8":1,"9":1,"10":1,"11":0,"12":1,"13":0,"14":0,"15":1},"f":{"0":1,"1":1,"2":0,"3":0,"4":0},"b":{},"_coverageSchema":"1a1c01bbd47fc00a2c39e90264f33305004495a9","hash":"7e653a9f1dbbf0d795b332a48e84899b4e5758d5"}
,"D:\\genuin_platform\\tests\\middleware\\authMiddleware.mock.js": {"path":"D:\\genuin_platform\\tests\\middleware\\authMiddleware.mock.js","statementMap":{"0":{"start":{"line":1,"column":12},"end":{"line":1,"column":35}},"1":{"start":{"line":4,"column":19},"end":{"line":9,"column":1}},"2":{"start":{"line":12,"column":26},"end":{"line":24,"column":1}},"3":{"start":{"line":27,"column":21},"end":{"line":51,"column":1}},"4":{"start":{"line":54,"column":21},"end":{"line":59,"column":1}},"5":{"start":{"line":55,"column":14},"end":{"line":55,"column":16}},"6":{"start":{"line":56,"column":2},"end":{"line":56,"column":46}},"7":{"start":{"line":57,"column":2},"end":{"line":57,"column":44}},"8":{"start":{"line":58,"column":2},"end":{"line":58,"column":13}},"9":{"start":{"line":62,"column":17},"end":{"line":62,"column":26}},"10":{"start":{"line":64,"column":0},"end":{"line":70,"column":2}}},"fnMap":{"0":{"name":"(anonymous_0)","decl":{"start":{"line":54,"column":21},"end":{"line":54,"column":22}},"loc":{"start":{"line":54,"column":27},"end":{"line":59,"column":1}},"line":54}},"branchMap":{},"s":{"0":1,"1":1,"2":1,"3":1,"4":1,"5":9,"6":9,"7":9,"8":9,"9":1,"10":1},"f":{"0":9},"b":{},"_coverageSchema":"1a1c01bbd47fc00a2c39e90264f33305004495a9","hash":"54706071f4ade83d02d455029a2a3ba7b37388e7"}
,"D:\\genuin_platform\\tests\\services\\cacheService.mock.js": {"path":"D:\\genuin_platform\\tests\\services\\cacheService.mock.js","statementMap":{"0":{"start":{"line":2,"column":24},"end":{"line":6,"column":3}},"1":{"start":{"line":9,"column":19},"end":{"line":22,"column":3}},"2":{"start":{"line":25,"column":24},"end":{"line":31,"column":3}},"3":{"start":{"line":33,"column":2},"end":{"line":37,"column":4}}},"fnMap":{},"branchMap":{},"s":{"0":1,"1":1,"2":1,"3":1},"f":{},"b":{},"_coverageSchema":"1a1c01bbd47fc00a2c39e90264f33305004495a9","hash":"b20a2f99b850e7f89f5a4fbd50496e84194e6b69"}
,"D:\\genuin_platform\\tests\\utils\\validator.mock.js": {"path":"D:\\genuin_platform\\tests\\utils\\validator.mock.js","statementMap":{"0":{"start":{"line":2,"column":24},"end":{"line":6,"column":3}},"1":{"start":{"line":8,"column":28},"end":{"line":16,"column":3}},"2":{"start":{"line":18,"column":2},"end":{"line":21,"column":4}}},"fnMap":{},"branchMap":{},"s":{"0":1,"1":1,"2":1},"f":{},"b":{},"_coverageSchema":"1a1c01bbd47fc00a2c39e90264f33305004495a9","hash":"5d6aa6c6f7bdd7c2cbedce9a91685903d264390a"}
}
