TN:
SF:src\config\db.config.js
FNF:0
FNH:0
DA:1,6
DA:2,6
DA:4,6
DA:6,6
DA:18,6
LF:5
LH:5
BRF:0
BRH:0
end_of_record
TN:
SF:src\config\env.config.js
FNF:0
FNH:0
DA:1,5
DA:3,5
LF:2
LH:2
BRF:0
BRH:0
end_of_record
TN:
SF:src\config\redis.js
FN:15,(anonymous_0)
FN:20,(anonymous_1)
FNF:2
FNH:2
FNDA:6,(anonymous_0)
FNDA:7,(anonymous_1)
DA:1,7
DA:2,7
DA:4,7
DA:7,7
DA:15,7
DA:16,6
DA:20,7
DA:21,7
DA:22,7
DA:23,6
DA:25,1
DA:29,7
LF:12
LH:12
BRF:0
BRH:0
end_of_record
TN:
SF:src\controllers\authController.js
FN:7,(anonymous_0)
FN:35,(anonymous_1)
FNF:2
FNH:2
FNDA:5,(anonymous_0)
FNDA:6,(anonymous_1)
DA:1,2
DA:2,2
DA:3,2
DA:4,2
DA:7,2
DA:8,5
DA:9,5
DA:12,5
DA:13,5
DA:14,5
DA:18,0
DA:21,0
DA:27,0
DA:29,0
DA:30,0
DA:35,2
DA:36,6
DA:37,6
DA:40,6
DA:41,6
DA:42,1
DA:46,5
DA:47,4
DA:48,2
DA:52,2
DA:54,2
DA:56,1
DA:57,1
LF:28
LH:23
BRDA:13,0,0,5
BRDA:13,0,1,0
BRDA:41,1,0,1
BRDA:41,1,1,5
BRDA:47,2,0,2
BRDA:47,2,1,2
BRF:6
BRH:5
end_of_record
TN:
SF:src\controllers\brandController.js
FN:11,(anonymous_0)
FN:16,(anonymous_1)
FN:42,(anonymous_2)
FN:52,(anonymous_3)
FN:67,(anonymous_4)
FN:81,(anonymous_5)
FN:108,(anonymous_6)
FN:137,(anonymous_7)
FNF:8
FNH:6
FNDA:2,(anonymous_0)
FNDA:0,(anonymous_1)
FNDA:1,(anonymous_2)
FNDA:0,(anonymous_3)
FNDA:2,(anonymous_4)
FNDA:3,(anonymous_5)
FNDA:3,(anonymous_6)
FNDA:3,(anonymous_7)
DA:1,1
DA:2,1
DA:3,1
DA:4,1
DA:5,1
DA:6,1
DA:7,1
DA:8,1
DA:11,1
DA:12,2
DA:13,2
DA:16,2
DA:17,0
DA:31,0
DA:34,2
DA:36,0
DA:37,0
DA:42,1
DA:43,1
DA:45,1
DA:48,0
DA:49,0
DA:52,0
DA:54,0
DA:55,0
DA:59,0
DA:61,1
DA:62,1
DA:67,1
DA:68,2
DA:70,2
DA:73,2
DA:75,0
DA:76,0
DA:81,1
DA:82,3
DA:83,3
DA:86,3
DA:87,1
DA:91,2
DA:100,2
DA:102,0
DA:103,0
DA:108,1
DA:109,3
DA:110,3
DA:111,3
DA:114,3
DA:115,3
DA:116,3
DA:120,0
DA:129,0
DA:131,0
DA:132,0
DA:137,1
DA:138,3
DA:139,3
DA:142,3
DA:143,3
DA:144,3
DA:148,0
DA:151,0
DA:153,0
DA:154,0
LF:64
LH:42
BRDA:54,0,0,0
BRDA:54,0,1,0
BRDA:62,1,0,1
BRDA:62,1,1,1
BRDA:62,2,0,1
BRDA:62,2,1,0
BRDA:86,3,0,1
BRDA:86,3,1,2
BRDA:86,4,0,3
BRDA:86,4,1,3
BRDA:86,4,2,2
BRDA:86,4,3,2
BRDA:86,4,4,2
BRDA:115,5,0,3
BRDA:115,5,1,0
BRDA:143,6,0,3
BRDA:143,6,1,0
BRF:17
BRH:12
end_of_record
TN:
SF:src\middleware\authMiddleware.js
FN:8,(anonymous_0)
FN:40,(anonymous_1)
FN:41,(anonymous_2)
FNF:3
FNH:3
FNDA:5,(anonymous_0)
FNDA:4,(anonymous_1)
FNDA:4,(anonymous_2)
DA:1,1
DA:2,1
DA:8,1
DA:9,5
DA:10,5
DA:12,5
DA:13,1
DA:16,4
DA:17,4
DA:19,3
DA:20,1
DA:24,2
DA:29,2
DA:31,1
DA:32,1
DA:40,1
DA:41,4
DA:42,4
DA:44,4
DA:45,2
DA:48,2
LF:21
LH:21
BRDA:10,0,0,5
BRDA:10,0,1,4
BRDA:12,1,0,1
BRDA:12,1,1,4
BRDA:19,2,0,1
BRDA:19,2,1,2
BRDA:19,3,0,3
BRDA:19,3,1,3
BRDA:19,3,2,2
BRDA:44,4,0,2
BRDA:44,4,1,2
BRDA:44,5,0,4
BRDA:44,5,1,3
BRF:13
BRH:13
end_of_record
TN:
SF:src\models\Brand.js
FNF:0
FNH:0
DA:1,1
DA:2,1
DA:4,1
DA:12,1
LF:4
LH:4
BRF:0
BRH:0
end_of_record
TN:
SF:src\models\Community.js
FNF:0
FNH:0
DA:1,1
DA:2,1
DA:4,1
DA:9,1
LF:4
LH:4
BRF:0
BRH:0
end_of_record
TN:
SF:src\models\Group.js
FNF:0
FNH:0
DA:1,1
DA:2,1
DA:4,1
DA:9,1
LF:4
LH:4
BRF:0
BRH:0
end_of_record
TN:
SF:src\models\User.js
FNF:0
FNH:0
DA:1,2
DA:2,2
DA:4,2
DA:41,2
LF:4
LH:4
BRF:0
BRH:0
end_of_record
TN:
SF:src\models\Video.js
FNF:0
FNH:0
DA:1,1
DA:2,1
DA:4,1
DA:11,1
LF:4
LH:4
BRF:0
BRH:0
end_of_record
TN:
SF:src\services\cacheService.js
FN:4,(anonymous_0)
FN:31,(anonymous_1)
FN:37,(anonymous_2)
FN:43,(anonymous_3)
FN:49,(anonymous_4)
FN:55,(anonymous_5)
FNF:6
FNH:6
FNDA:10,(anonymous_0)
FNDA:1,(anonymous_1)
FNDA:1,(anonymous_2)
FNDA:1,(anonymous_3)
FNDA:1,(anonymous_4)
FNDA:2,(anonymous_5)
DA:1,2
DA:4,2
DA:5,10
DA:7,10
DA:8,10
DA:9,3
DA:10,3
DA:14,7
DA:15,6
DA:16,1
DA:20,5
DA:21,5
DA:23,5
DA:25,2
DA:26,2
DA:31,2
DA:32,1
DA:33,1
DA:37,2
DA:38,1
DA:39,1
DA:43,2
DA:44,1
DA:45,1
DA:49,2
DA:50,1
DA:51,1
DA:55,2
DA:56,2
DA:57,2
DA:58,1
DA:60,1
LF:32
LH:32
BRDA:4,0,0,9
BRDA:8,1,0,3
BRDA:8,1,1,7
BRDA:15,2,0,1
BRDA:15,2,1,5
BRF:5
BRH:5
end_of_record
TN:
SF:src\utils\validators.js
FN:3,(anonymous_0)
FN:11,(anonymous_1)
FNF:2
FNH:2
FNDA:5,(anonymous_0)
FNDA:8,(anonymous_1)
DA:3,2
DA:4,5
DA:5,4
DA:7,1
DA:11,2
DA:12,8
DA:13,8
DA:15,8
DA:16,2
DA:18,6
DA:19,2
DA:22,4
LF:12
LH:12
BRDA:4,0,0,4
BRDA:4,0,1,1
BRDA:4,1,0,5
BRDA:4,1,1,3
BRDA:11,2,0,1
BRDA:11,3,0,3
BRDA:15,4,0,2
BRDA:15,4,1,6
BRDA:15,5,0,8
BRDA:15,5,1,7
BRDA:18,6,0,2
BRDA:18,6,1,4
BRDA:18,7,0,6
BRDA:18,7,1,5
BRF:14
BRH:14
end_of_record
TN:
SF:tests\config\configs.mock.js
FN:20,(anonymous_0)
FN:26,(anonymous_1)
FN:35,(anonymous_2)
FNF:3
FNH:1
FNDA:0,(anonymous_0)
FNDA:7,(anonymous_1)
FNDA:0,(anonymous_2)
DA:2,1
DA:14,1
DA:20,1
DA:23,1
DA:27,7
DA:28,7
DA:35,1
DA:38,1
DA:43,1
DA:45,1
LF:10
LH:10
BRDA:27,0,0,7
BRDA:27,0,1,0
BRDA:27,1,0,7
BRDA:27,1,1,7
BRF:4
BRH:3
end_of_record
TN:
SF:tests\controllers\authController.mock.js
FN:63,(anonymous_0)
FNF:1
FNH:1
FNDA:9,(anonymous_0)
DA:1,1
DA:2,1
DA:5,1
DA:21,1
DA:30,1
DA:63,1
DA:64,9
DA:65,9
DA:66,9
DA:67,9
DA:70,1
LF:11
LH:11
BRF:0
BRH:0
end_of_record
TN:
SF:tests\controllers\brandController.mock.js
FN:97,(anonymous_0)
FN:109,(anonymous_1)
FN:114,(anonymous_2)
FNF:3
FNH:2
FNDA:16,(anonymous_0)
FNDA:0,(anonymous_1)
FNDA:1,(anonymous_2)
DA:1,1
DA:4,1
DA:28,1
DA:46,1
DA:60,1
DA:97,1
DA:98,16
DA:99,16
DA:100,16
DA:101,16
DA:105,1
DA:109,1
DA:114,1
DA:118,1
LF:14
LH:14
BRF:0
BRH:0
end_of_record
TN:
SF:tests\controllers\controller.mock.js
FN:79,(anonymous_0)
FN:84,(anonymous_1)
FN:90,(anonymous_2)
FN:95,(anonymous_3)
FN:96,(anonymous_4)
FNF:5
FNH:2
FNDA:1,(anonymous_0)
FNDA:1,(anonymous_1)
FNDA:0,(anonymous_2)
FNDA:0,(anonymous_3)
FNDA:0,(anonymous_4)
DA:2,1
DA:10,1
DA:19,1
DA:25,1
DA:31,1
DA:42,1
DA:79,1
DA:84,1
DA:90,1
DA:95,1
DA:96,0
DA:99,1
LF:12
LH:11
BRF:0
BRH:0
end_of_record
TN:
SF:tests\middleware\authMiddleware.mock.js
FN:54,(anonymous_0)
FNF:1
FNH:1
FNDA:9,(anonymous_0)
DA:1,1
DA:4,1
DA:12,1
DA:27,1
DA:54,1
DA:55,9
DA:56,9
DA:57,9
DA:58,9
DA:62,1
DA:64,1
LF:11
LH:11
BRF:0
BRH:0
end_of_record
TN:
SF:tests\services\cacheService.mock.js
FNF:0
FNH:0
DA:2,1
DA:9,1
DA:25,1
DA:33,1
LF:4
LH:4
BRF:0
BRH:0
end_of_record
TN:
SF:tests\utils\validator.mock.js
FNF:0
FNH:0
DA:2,1
DA:8,1
DA:18,1
LF:3
LH:3
BRF:0
BRH:0
end_of_record
